<?xml version="1.0"?><coverage lines-covered="156" lines-valid="551" line-rate="0.2831215970961887" branches-covered="0" branches-valid="0" branch-rate="0" complexity="0" version="1.9" timestamp="1757409764"><sources><source>/Users/jamesmassey/ai-dev/gamalan/ai-agile</source></sources><packages><package name="services/backlog/tests/integration" line-rate="0" branch-rate="0" complexity="0"><classes></classes></package><package name="services/context-orchestrator/tests/unit" line-rate="0" branch-rate="0" complexity="0"><classes></classes></package><package name="services/projects/src" line-rate="0" branch-rate="0" complexity="0"><classes></classes></package><package name="services/auth-gateway/src/config" line-rate="0" branch-rate="0" complexity="0"><classes></classes></package><package name="services/context-orchestrator/tests/integration" line-rate="0" branch-rate="0" complexity="0"><classes></classes></package><package name="libs/auth_clerk/src" line-rate="0.4975124378109453" branch-rate="0" complexity="0"><classes><class name="jwks" filename="libs/auth_clerk/src/jwks.rs" line-rate="0.8461538461538461" branch-rate="0" complexity="0"><methods/><lines><line number="28" hits="11"/><line number="30" hits="33"/><line number="35" hits="28"/><line number="36" hits="28"/><line number="37" hits="0"/><line number="40" hits="14"/><line number="41" hits="21"/><line number="42" hits="7"/><line number="44" hits="7"/><line number="45" hits="7"/><line number="46" hits="21"/><line number="47" hits="0"/><line number="50" hits="7"/></lines></class><class name="lib" filename="libs/auth_clerk/src/lib.rs" line-rate="0.32786885245901637" branch-rate="0" complexity="0"><methods/><lines><line number="24" hits="11"/><line number="25" hits="33"/><line number="26" hits="33"/><line number="29" hits="21"/><line number="30" hits="0"/><line number="33" hits="1"/><line number="35" hits="11"/><line number="38" hits="22"/><line number="46" hits="0"/><line number="47" hits="0"/><line number="48" hits="0"/><line number="49" hits="0"/><line number="50" hits="0"/><line number="53" hits="0"/><line number="59" hits="20"/><line number="60" hits="40"/><line number="61" hits="10"/><line number="64" hits="10"/><line number="69" hits="10"/><line number="70" hits="0"/><line number="71" hits="0"/><line number="72" hits="0"/><line number="73" hits="0"/><line number="74" hits="0"/><line number="75" hits="0"/><line number="76" hits="0"/><line number="77" hits="0"/><line number="80" hits="10"/><line number="81" hits="3"/><line number="82" hits="3"/><line number="83" hits="9"/><line number="84" hits="9"/><line number="85" hits="6"/><line number="86" hits="6"/><line number="87" hits="6"/><line number="88" hits="6"/><line number="92" hits="7"/><line number="93" hits="0"/><line number="94" hits="0"/><line number="95" hits="0"/><line number="96" hits="0"/><line number="97" hits="0"/><line number="101" hits="7"/><line number="103" hits="7"/><line number="104" hits="0"/><line number="105" hits="0"/><line number="106" hits="0"/><line number="107" hits="0"/><line number="108" hits="0"/><line number="109" hits="0"/><line number="110" hits="0"/><line number="111" hits="0"/><line number="116" hits="7"/><line number="117" hits="1"/><line number="118" hits="2"/><line number="119" hits="0"/><line number="120" hits="1"/><line number="121" hits="0"/><line number="122" hits="0"/><line number="123" hits="0"/><line number="125" hits="1"/><line number="126" hits="3"/><line number="127" hits="3"/><line number="128" hits="2"/><line number="129" hits="2"/><line number="130" hits="2"/><line number="131" hits="2"/><line number="136" hits="0"/><line number="139" hits="7"/><line number="144" hits="28"/><line number="145" hits="0"/><line number="148" hits="7"/><line number="149" hits="21"/><line number="150" hits="0"/><line number="151" hits="0"/><line number="154" hits="14"/><line number="155" hits="0"/><line number="156" hits="0"/><line number="157" hits="0"/><line number="158" hits="0"/><line number="159" hits="0"/><line number="178" hits="0"/><line number="182" hits="0"/><line number="187" hits="0"/><line number="188" hits="0"/><line number="189" hits="0"/><line number="190" hits="0"/><line number="191" hits="0"/><line number="193" hits="0"/><line number="194" hits="0"/><line number="195" hits="0"/><line number="197" hits="0"/><line number="198" hits="0"/><line number="200" hits="0"/><line number="202" hits="0"/><line number="203" hits="0"/><line number="204" hits="0"/><line number="205" hits="0"/><line number="206" hits="0"/><line number="207" hits="0"/><line number="208" hits="0"/><line number="212" hits="0"/><line number="214" hits="0"/><line number="215" hits="0"/><line number="216" hits="0"/><line number="217" hits="0"/><line number="220" hits="0"/><line number="221" hits="0"/><line number="222" hits="0"/><line number="223" hits="0"/><line number="224" hits="0"/><line number="225" hits="0"/><line number="226" hits="0"/><line number="231" hits="0"/><line number="233" hits="0"/><line number="234" hits="0"/><line number="235" hits="0"/><line number="237" hits="0"/><line number="238" hits="0"/><line number="239" hits="0"/><line number="240" hits="0"/><line number="241" hits="0"/></lines></class><class name="webhook" filename="libs/auth_clerk/src/webhook.rs" line-rate="0.7424242424242424" branch-rate="0" complexity="0"><methods/><lines><line number="15" hits="13"/><line number="20" hits="0"/><line number="25" hits="11"/><line number="32" hits="29"/><line number="33" hits="29"/><line number="34" hits="15"/><line number="35" hits="4"/><line number="36" hits="4"/><line number="37" hits="12"/><line number="38" hits="8"/><line number="39" hits="12"/><line number="44" hits="7"/><line number="47" hits="13"/><line number="48" hits="4"/><line number="49" hits="20"/><line number="50" hits="16"/><line number="51" hits="3"/><line number="56" hits="1"/><line number="57" hits="1"/><line number="58" hits="1"/><line number="59" hits="1"/><line number="63" hits="7"/><line number="68" hits="14"/><line number="69" hits="14"/><line number="71" hits="7"/><line number="73" hits="23"/><line number="74" hits="0"/><line number="77" hits="7"/><line number="78" hits="0"/><line number="79" hits="0"/><line number="80" hits="0"/><line number="82" hits="4"/><line number="83" hits="0"/><line number="84" hits="0"/><line number="85" hits="0"/><line number="87" hits="3"/><line number="88" hits="3"/><line number="89" hits="15"/><line number="90" hits="3"/><line number="94" hits="0"/><line number="96" hits="2"/><line number="100" hits="7"/><line number="102" hits="14"/><line number="104" hits="3"/><line number="105" hits="1"/><line number="106" hits="1"/><line number="110" hits="0"/><line number="111" hits="0"/><line number="112" hits="0"/><line number="113" hits="0"/><line number="118" hits="2"/><line number="119" hits="6"/><line number="120" hits="6"/><line number="121" hits="6"/><line number="125" hits="0"/><line number="128" hits="4"/><line number="129" hits="16"/><line number="130" hits="16"/><line number="131" hits="8"/><line number="134" hits="4"/><line number="136" hits="12"/><line number="137" hits="1"/><line number="140" hits="0"/><line number="141" hits="96"/><line number="142" hits="0"/><line number="144" hits="0"/></lines></class></classes></package><package name="services/projects/src/adapters/persistence" line-rate="0" branch-rate="0" complexity="0"><classes></classes></package><package name="services/backlog/src/adapters" line-rate="0" branch-rate="0" complexity="0"><classes></classes></package><package name="services/context-orchestrator/src/application" line-rate="0" branch-rate="0" complexity="0"><classes><class name="ports" filename="services/context-orchestrator/src/application/ports.rs" line-rate="0" branch-rate="0" complexity="0"><methods/><lines><line number="62" hits="0"/><line number="64" hits="0"/><line number="253" hits="0"/><line number="255" hits="0"/></lines></class></classes></package><package name="services/projects/src/adapters/http" line-rate="0" branch-rate="0" complexity="0"><classes></classes></package><package name="services/prompt-builder/src/adapters/persistence" line-rate="0" branch-rate="0" complexity="0"><classes></classes></package><package name="services/api-gateway/tests/contract" line-rate="0" branch-rate="0" complexity="0"><classes><class name="test_unified_gateway_compliance" filename="services/api-gateway/tests/contract/test_unified_gateway_compliance.rs" line-rate="0" branch-rate="0" complexity="0"><methods/><lines><line number="549" hits="0"/><line number="550" hits="0"/><line number="551" hits="0"/><line number="553" hits="0"/><line number="554" hits="0"/><line number="555" hits="0"/><line number="556" hits="0"/><line number="557" hits="0"/><line number="558" hits="0"/></lines></class></classes></package><package name="services/context-orchestrator/src/adapters" line-rate="0" branch-rate="0" complexity="0"><classes></classes></package><package name="services/analytics/src" line-rate="0" branch-rate="0" complexity="0"><classes></classes></package><package name="services/backlog/src" line-rate="0" branch-rate="0" complexity="0"><classes></classes></package><package name="services/backlog/tests/unit" line-rate="0" branch-rate="0" complexity="0"><classes></classes></package><package name="services/context-orchestrator/src/adapters/integrations" line-rate="0" branch-rate="0" complexity="0"><classes><class name="openai_client" filename="services/context-orchestrator/src/adapters/integrations/openai_client.rs" line-rate="0" branch-rate="0" complexity="0"><methods/><lines><line number="163" hits="0"/><line number="165" hits="0"/><line number="166" hits="0"/><line number="167" hits="0"/><line number="168" hits="0"/><line number="169" hits="0"/><line number="170" hits="0"/><line number="171" hits="0"/><line number="172" hits="0"/><line number="178" hits="0"/></lines></class><class name="service_clients" filename="services/context-orchestrator/src/adapters/integrations/service_clients.rs" line-rate="0" branch-rate="0" complexity="0"><methods/><lines><line number="72" hits="0"/><line number="73" hits="0"/><line number="74" hits="0"/><line number="75" hits="0"/><line number="76" hits="0"/><line number="78" hits="0"/><line number="79" hits="0"/><line number="82" hits="0"/><line number="84" hits="0"/><line number="85" hits="0"/><line number="87" hits="0"/><line number="88" hits="0"/><line number="89" hits="0"/><line number="91" hits="0"/><line number="92" hits="0"/><line number="93" hits="0"/><line number="94" hits="0"/><line number="95" hits="0"/><line number="97" hits="0"/><line number="98" hits="0"/><line number="99" hits="0"/></lines></class></classes></package><package name="services/readiness/src/adapters" line-rate="0" branch-rate="0" complexity="0"><classes></classes></package><package name="services/api-gateway/src" line-rate="0" branch-rate="0" complexity="0"><classes></classes></package><package name="services/auth-gateway/src/adapters" line-rate="0" branch-rate="0" complexity="0"><classes></classes></package><package name="services/prompt-builder/src/domain" line-rate="0" branch-rate="0" complexity="0"><classes></classes></package><package name="services/prompt-builder/src/adapters/integrations" line-rate="0" branch-rate="0" complexity="0"><classes></classes></package><package name="services/auth-gateway/src" line-rate="0" branch-rate="0" complexity="0"><classes></classes></package><package name="services/backlog/tests" line-rate="0" branch-rate="0" complexity="0"><classes></classes></package><package name="services/prompt-builder/src" line-rate="0" branch-rate="0" complexity="0"><classes></classes></package><package name="services/auth-gateway/src/application" line-rate="0" branch-rate="0" complexity="0"><classes></classes></package><package name="services/context-orchestrator/src/adapters/http" line-rate="0" branch-rate="0" complexity="0"><classes></classes></package><package name="services/api-gateway/tests" line-rate="0" branch-rate="0" complexity="0"><classes></classes></package><package name="services/context-orchestrator/tests" line-rate="0" branch-rate="0" complexity="0"><classes></classes></package><package name="services/projects/tests" line-rate="0" branch-rate="0" complexity="0"><classes></classes></package><package name="services/api-gateway/tests/integration" line-rate="0" branch-rate="0" complexity="0"><classes></classes></package><package name="services/auth-gateway/src/adapters/persistence" line-rate="0" branch-rate="0" complexity="0"><classes></classes></package><package name="services/readiness/src/adapters/http" line-rate="0" branch-rate="0" complexity="0"><classes></classes></package><package name="services/prompt-builder/src/adapters" line-rate="0" branch-rate="0" complexity="0"><classes></classes></package><package name="services/auth-gateway/src/adapters/http" line-rate="0" branch-rate="0" complexity="0"><classes></classes></package><package name="services/readiness/src/application" line-rate="0" branch-rate="0" complexity="0"><classes></classes></package><package name="services/projects/src/config" line-rate="0" branch-rate="0" complexity="0"><classes></classes></package><package name="services/context-orchestrator/src" line-rate="0" branch-rate="0" complexity="0"><classes></classes></package><package name="services/readiness/src/domain" line-rate="0" branch-rate="0" complexity="0"><classes></classes></package><package name="services/readiness/src/config" line-rate="0" branch-rate="0" complexity="0"><classes></classes></package><package name="services/prompt-builder/src/application" line-rate="0" branch-rate="0" complexity="0"><classes></classes></package><package name="services/demo/src" line-rate="0" branch-rate="0" complexity="0"><classes></classes></package><package name="services/context-orchestrator/src/domain" line-rate="0" branch-rate="0" complexity="0"><classes></classes></package><package name="services/projects/src/adapters" line-rate="0" branch-rate="0" complexity="0"><classes></classes></package><package name="services/auth-gateway/src/domain" line-rate="0" branch-rate="0" complexity="0"><classes></classes></package><package name="services/readiness/src/adapters/persistence" line-rate="0" branch-rate="0" complexity="0"><classes></classes></package><package name="services/readiness/src" line-rate="0" branch-rate="0" complexity="0"><classes></classes></package><package name="services/backlog/src/adapters/http" line-rate="0" branch-rate="0" complexity="0"><classes></classes></package><package name="services/backlog/tests/contract" line-rate="0" branch-rate="0" complexity="0"><classes></classes></package><package name="services/context-orchestrator/tests/unit/domain" line-rate="0" branch-rate="0" complexity="0"><classes></classes></package><package name="services/backlog/src/config" line-rate="0" branch-rate="0" complexity="0"><classes></classes></package><package name="services/projects/tests/unit" line-rate="0" branch-rate="0" complexity="0"><classes></classes></package><package name="services/coach/src" line-rate="0" branch-rate="0" complexity="0"><classes></classes></package><package name="services/backlog/src/adapters/integrations" line-rate="0" branch-rate="0" complexity="0"><classes></classes></package><package name="services/gh-integrator/src" line-rate="0" branch-rate="0" complexity="0"><classes></classes></package><package name="libs/common/src" line-rate="0.04580152671755725" branch-rate="0" complexity="0"><classes><class name="error_context" filename="libs/common/src/error_context.rs" line-rate="0.36363636363636365" branch-rate="0" complexity="0"><methods/><lines><line number="19" hits="21"/><line number="21" hits="63"/><line number="22" hits="42"/><line number="23" hits="63"/><line number="28" hits="21"/><line number="32" hits="1"/><line number="37" hits="2"/><line number="38" hits="2"/><line number="39" hits="1"/><line number="42" hits="0"/><line number="43" hits="0"/><line number="44" hits="0"/><line number="47" hits="0"/><line number="48" hits="0"/><line number="49" hits="0"/><line number="52" hits="12"/><line number="53" hits="72"/><line number="54" hits="12"/><line number="99" hits="0"/><line number="100" hits="0"/><line number="101" hits="0"/><line number="102" hits="0"/><line number="103" hits="0"/><line number="104" hits="0"/><line number="105" hits="0"/><line number="110" hits="0"/><line number="111" hits="0"/><line number="112" hits="0"/><line number="113" hits="0"/><line number="114" hits="0"/><line number="115" hits="0"/><line number="116" hits="0"/><line number="117" hits="0"/></lines></class><class name="feature_flags" filename="libs/common/src/feature_flags.rs" line-rate="0" branch-rate="0" complexity="0"><methods/><lines><line number="50" hits="0"/><line number="95" hits="0"/><line number="96" hits="0"/><line number="97" hits="0"/><line number="98" hits="0"/><line number="100" hits="0"/><line number="101" hits="0"/><line number="103" hits="0"/><line number="104" hits="0"/><line number="105" hits="0"/><line number="107" hits="0"/><line number="108" hits="0"/><line number="112" hits="0"/><line number="173" hits="0"/><line number="174" hits="0"/><line number="175" hits="0"/><line number="176" hits="0"/><line number="178" hits="0"/></lines></class><class name="lib" filename="libs/common/src/lib.rs" line-rate="0" branch-rate="0" complexity="0"><methods/><lines><line number="26" hits="0"/><line number="27" hits="0"/><line number="35" hits="0"/><line number="111" hits="0"/><line number="216" hits="0"/><line number="217" hits="0"/><line number="218" hits="0"/><line number="221" hits="0"/><line number="223" hits="0"/><line number="237" hits="0"/><line number="238" hits="0"/><line number="239" hits="0"/><line number="242" hits="0"/><line number="248" hits="0"/><line number="249" hits="0"/><line number="252" hits="0"/><line number="253" hits="0"/><line number="254" hits="0"/><line number="255" hits="0"/><line number="256" hits="0"/><line number="257" hits="0"/><line number="258" hits="0"/><line number="259" hits="0"/><line number="262" hits="0"/><line number="266" hits="0"/><line number="267" hits="0"/><line number="268" hits="0"/><line number="269" hits="0"/><line number="270" hits="0"/><line number="271" hits="0"/><line number="272" hits="0"/><line number="273" hits="0"/><line number="277" hits="0"/><line number="278" hits="0"/><line number="280" hits="0"/><line number="281" hits="0"/><line number="282" hits="0"/><line number="285" hits="0"/><line number="286" hits="0"/><line number="288" hits="0"/><line number="289" hits="0"/><line number="290" hits="0"/><line number="294" hits="0"/><line number="295" hits="0"/><line number="296" hits="0"/><line number="298" hits="0"/><line number="302" hits="0"/><line number="305" hits="0"/><line number="306" hits="0"/><line number="307" hits="0"/><line number="308" hits="0"/><line number="309" hits="0"/><line number="310" hits="0"/><line number="311" hits="0"/><line number="312" hits="0"/><line number="315" hits="0"/><line number="319" hits="0"/><line number="320" hits="0"/><line number="321" hits="0"/><line number="322" hits="0"/><line number="323" hits="0"/><line number="324" hits="0"/><line number="325" hits="0"/><line number="326" hits="0"/><line number="330" hits="0"/><line number="331" hits="0"/><line number="333" hits="0"/><line number="334" hits="0"/><line number="335" hits="0"/><line number="339" hits="0"/><line number="340" hits="0"/><line number="341" hits="0"/><line number="343" hits="0"/><line number="348" hits="0"/><line number="351" hits="0"/><line number="352" hits="0"/><line number="353" hits="0"/><line number="354" hits="0"/><line number="355" hits="0"/><line number="356" hits="0"/><line number="357" hits="0"/><line number="358" hits="0"/><line number="361" hits="0"/><line number="365" hits="0"/><line number="366" hits="0"/><line number="367" hits="0"/><line number="368" hits="0"/><line number="369" hits="0"/><line number="370" hits="0"/><line number="371" hits="0"/><line number="372" hits="0"/><line number="377" hits="0"/><line number="379" hits="0"/><line number="380" hits="0"/><line number="381" hits="0"/><line number="382" hits="0"/><line number="383" hits="0"/><line number="384" hits="0"/><line number="385" hits="0"/><line number="386" hits="0"/><line number="390" hits="0"/><line number="391" hits="0"/><line number="393" hits="0"/><line number="394" hits="0"/><line number="395" hits="0"/><line number="399" hits="0"/><line number="400" hits="0"/><line number="401" hits="0"/><line number="403" hits="0"/><line number="407" hits="0"/><line number="410" hits="0"/><line number="411" hits="0"/><line number="412" hits="0"/><line number="413" hits="0"/><line number="414" hits="0"/><line number="415" hits="0"/><line number="416" hits="0"/><line number="417" hits="0"/><line number="418" hits="0"/><line number="420" hits="0"/><line number="423" hits="0"/><line number="427" hits="0"/><line number="428" hits="0"/><line number="429" hits="0"/><line number="430" hits="0"/><line number="431" hits="0"/><line number="432" hits="0"/><line number="433" hits="0"/><line number="434" hits="0"/><line number="439" hits="0"/><line number="440" hits="0"/><line number="441" hits="0"/><line number="443" hits="0"/><line number="447" hits="0"/><line number="450" hits="0"/><line number="451" hits="0"/><line number="452" hits="0"/><line number="453" hits="0"/><line number="454" hits="0"/><line number="455" hits="0"/><line number="456" hits="0"/><line number="457" hits="0"/><line number="458" hits="0"/><line number="460" hits="0"/><line number="463" hits="0"/><line number="467" hits="0"/><line number="468" hits="0"/><line number="469" hits="0"/><line number="470" hits="0"/><line number="471" hits="0"/><line number="472" hits="0"/><line number="473" hits="0"/><line number="474" hits="0"/><line number="484" hits="0"/><line number="488" hits="0"/><line number="507" hits="0"/><line number="508" hits="0"/><line number="509" hits="0"/><line number="510" hits="0"/><line number="512" hits="0"/><line number="517" hits="0"/><line number="520" hits="0"/><line number="521" hits="0"/><line number="522" hits="0"/><line number="523" hits="0"/><line number="524" hits="0"/><line number="529" hits="0"/><line number="538" hits="0"/></lines></class><class name="observability" filename="libs/common/src/observability.rs" line-rate="0" branch-rate="0" complexity="0"><methods/><lines><line number="10" hits="0"/><line number="12" hits="0"/><line number="15" hits="0"/><line number="16" hits="0"/><line number="20" hits="0"/><line number="45" hits="0"/><line number="48" hits="0"/><line number="53" hits="0"/><line number="54" hits="0"/><line number="56" hits="0"/><line number="57" hits="0"/><line number="60" hits="0"/><line number="66" hits="0"/><line number="68" hits="0"/><line number="69" hits="0"/><line number="70" hits="0"/><line number="71" hits="0"/><line number="72" hits="0"/><line number="73" hits="0"/><line number="74" hits="0"/><line number="75" hits="0"/><line number="76" hits="0"/><line number="78" hits="0"/><line number="80" hits="0"/><line number="82" hits="0"/><line number="83" hits="0"/><line number="84" hits="0"/><line number="85" hits="0"/><line number="89" hits="0"/><line number="93" hits="0"/><line number="94" hits="0"/><line number="101" hits="0"/><line number="115" hits="0"/><line number="117" hits="0"/><line number="118" hits="0"/><line number="121" hits="0"/><line number="122" hits="0"/><line number="123" hits="0"/><line number="124" hits="0"/><line number="128" hits="0"/><line number="130" hits="0"/><line number="131" hits="0"/><line number="132" hits="0"/></lines></class></classes></package><package name="services/context-orchestrator/src/adapters/persistence" line-rate="0" branch-rate="0" complexity="0"><classes></classes></package><package name="services/projects/src/application" line-rate="0" branch-rate="0" complexity="0"><classes></classes></package><package name="services/context-orchestrator/src/application/use_cases" line-rate="0" branch-rate="0" complexity="0"><classes></classes></package><package name="services/backlog/src/adapters/persistence" line-rate="0" branch-rate="0" complexity="0"><classes></classes></package><package name="services/prompt-builder/src/adapters/http" line-rate="0" branch-rate="0" complexity="0"><classes></classes></package><package name="libs/auth_clerk/tests" line-rate="1" branch-rate="0" complexity="0"><classes><class name="jwt_verifier_tests" filename="libs/auth_clerk/tests/jwt_verifier_tests.rs" line-rate="1" branch-rate="0" complexity="0"><methods/><lines><line number="19" hits="7"/><line number="20" hits="14"/><line number="21" hits="14"/><line number="22" hits="42"/><line number="23" hits="21"/><line number="28" hits="21"/><line number="29" hits="21"/><line number="30" hits="7"/><line number="34" hits="7"/><line number="35" hits="35"/><line number="36" hits="35"/><line number="38" hits="7"/><line number="39" hits="7"/><line number="40" hits="7"/><line number="41" hits="7"/><line number="42" hits="7"/><line number="43" hits="7"/><line number="44" hits="7"/><line number="45" hits="7"/><line number="50" hits="7"/><line number="51" hits="21"/><line number="52" hits="14"/><line number="54" hits="28"/><line number="55" hits="42"/><line number="58" hits="5"/><line number="60" hits="15"/><line number="61" hits="15"/><line number="65" hits="10"/><line number="66" hits="10"/><line number="68" hits="15"/><line number="71" hits="2"/><line number="73" hits="6"/><line number="74" hits="6"/><line number="75" hits="4"/><line number="78" hits="4"/><line number="79" hits="4"/><line number="81" hits="6"/><line number="85" hits="14"/><line number="86" hits="14"/><line number="87" hits="28"/><line number="89" hits="21"/><line number="93" hits="28"/><line number="95" hits="7"/><line number="97" hits="7"/></lines></class></classes></package><package name="services/sprint/src" line-rate="0" branch-rate="0" complexity="0"><classes></classes></package><package name="services/backlog/src/application" line-rate="0" branch-rate="0" complexity="0"><classes></classes></package><package name="services/backlog/tests/unit/domain" line-rate="0" branch-rate="0" complexity="0"><classes></classes></package><package name="services/readiness/src/adapters/integrations" line-rate="0" branch-rate="0" complexity="0"><classes></classes></package><package name="services/prompt-builder/src/config" line-rate="0" branch-rate="0" complexity="0"><classes></classes></package><package name="services/projects/src/domain" line-rate="0" branch-rate="0" complexity="0"><classes></classes></package><package name="services/backlog/src/domain" line-rate="0" branch-rate="0" complexity="0"><classes></classes></package></packages></coverage>